Updating:  dataset_001.jsonl
Line 1 is being evaluated
Evaluting from: /lustre07/scratch/kevew/DuelModelResearch/mathlib4/test.lean
Line 2 is being evaluated
Evaluting from: /lustre07/scratch/kevew/DuelModelResearch/mathlib4/Counterexamples/Pseudoelement.lean
Skipping line due to error: 'NoneType' object is not iterable
Line 3 is being evaluated
Evaluting from: /lustre07/scratch/kevew/DuelModelResearch/mathlib4/Counterexamples/Pseudoelement.lean
Skipping line due to error: 'NoneType' object is not iterable
Line 4 is being evaluated
Evaluting from: /lustre07/scratch/kevew/DuelModelResearch/mathlib4/Counterexamples/Pseudoelement.lean
Skipping line due to error: 'NoneType' object is not iterable
Line 5 is being evaluated
Evaluting from: /lustre07/scratch/kevew/DuelModelResearch/mathlib4/Counterexamples/Pseudoelement.lean
Skipping line due to error: 'NoneType' object is not iterable
Line 6 is being evaluated
Evaluting from: /lustre07/scratch/kevew/DuelModelResearch/mathlib4/Counterexamples/Pseudoelement.lean
Skipping line due to error: 'NoneType' object is not iterable
Line 7 is being evaluated
Evaluting from: /lustre07/scratch/kevew/DuelModelResearch/mathlib4/Counterexamples/Pseudoelement.lean
Skipping line due to error: 'NoneType' object is not iterable
Line 8 is being evaluated
Evaluting from: /lustre07/scratch/kevew/DuelModelResearch/mathlib4/Counterexamples/Pseudoelement.lean
Skipping line due to error: 'NoneType' object is not iterable
Line 9 is being evaluated
Evaluting from: /lustre07/scratch/kevew/DuelModelResearch/mathlib4/Counterexamples/LinearOrderWithPosMulPosEqZero.lean
Line 10 is being evaluated
Evaluting from: /lustre07/scratch/kevew/DuelModelResearch/mathlib4/Counterexamples/LinearOrderWithPosMulPosEqZero.lean
Line 11 is being evaluated
Evaluting from: /lustre07/scratch/kevew/DuelModelResearch/mathlib4/Counterexamples/LinearOrderWithPosMulPosEqZero.lean
Line 12 is being evaluated
Evaluting from: /lustre07/scratch/kevew/DuelModelResearch/mathlib4/Counterexamples/CanonicallyOrderedCommSemiringTwoMul.lean
Line 13 is being evaluated
Evaluting from: /lustre07/scratch/kevew/DuelModelResearch/mathlib4/Counterexamples/CanonicallyOrderedCommSemiringTwoMul.lean
Line 14 is being evaluated
Evaluting from: /lustre07/scratch/kevew/DuelModelResearch/mathlib4/Counterexamples/CanonicallyOrderedCommSemiringTwoMul.lean
Line 15 is being evaluated
Evaluting from: /lustre07/scratch/kevew/DuelModelResearch/mathlib4/Counterexamples/CanonicallyOrderedCommSemiringTwoMul.lean
Skipping line due to error: 'NoneType' object is not iterable
Line 16 is being evaluated
Evaluting from: /lustre07/scratch/kevew/DuelModelResearch/mathlib4/Counterexamples/CanonicallyOrderedCommSemiringTwoMul.lean
Skipping line due to error: 'NoneType' object is not iterable
Line 17 is being evaluated
Evaluting from: /lustre07/scratch/kevew/DuelModelResearch/mathlib4/Counterexamples/CanonicallyOrderedCommSemiringTwoMul.lean
Skipping line due to error: 'NoneType' object is not iterable
Line 18 is being evaluated
Evaluting from: /lustre07/scratch/kevew/DuelModelResearch/mathlib4/Counterexamples/CanonicallyOrderedCommSemiringTwoMul.lean
Skipping line due to error: 'NoneType' object is not iterable
Line 19 is being evaluated
Evaluting from: /lustre07/scratch/kevew/DuelModelResearch/mathlib4/Counterexamples/CanonicallyOrderedCommSemiringTwoMul.lean
Skipping line due to error: 'NoneType' object is not iterable
Line 20 is being evaluated
Evaluting from: /lustre07/scratch/kevew/DuelModelResearch/mathlib4/Counterexamples/CanonicallyOrderedCommSemiringTwoMul.lean
Line 21 is being evaluated
Evaluting from: /lustre07/scratch/kevew/DuelModelResearch/mathlib4/Counterexamples/CanonicallyOrderedCommSemiringTwoMul.lean
Line 22 is being evaluated
Evaluting from: /lustre07/scratch/kevew/DuelModelResearch/mathlib4/Counterexamples/CanonicallyOrderedCommSemiringTwoMul.lean
Skipping line due to error: 'NoneType' object is not iterable
Line 23 is being evaluated
Evaluting from: /lustre07/scratch/kevew/DuelModelResearch/mathlib4/Counterexamples/CanonicallyOrderedCommSemiringTwoMul.lean
Line 24 is being evaluated
Evaluting from: /lustre07/scratch/kevew/DuelModelResearch/mathlib4/Counterexamples/CanonicallyOrderedCommSemiringTwoMul.lean
Skipping line due to error: 'NoneType' object is not iterable
Line 25 is being evaluated
Evaluting from: /lustre07/scratch/kevew/DuelModelResearch/mathlib4/Counterexamples/CanonicallyOrderedCommSemiringTwoMul.lean
Line 26 is being evaluated
Evaluting from: /lustre07/scratch/kevew/DuelModelResearch/mathlib4/Counterexamples/CanonicallyOrderedCommSemiringTwoMul.lean
Line 27 is being evaluated
Evaluting from: /lustre07/scratch/kevew/DuelModelResearch/mathlib4/Counterexamples/CharPZeroNeCharZero.lean
Line 28 is being evaluated
Evaluting from: /lustre07/scratch/kevew/DuelModelResearch/mathlib4/Counterexamples/CharPZeroNeCharZero.lean
Line 29 is being evaluated
Evaluting from: /lustre07/scratch/kevew/DuelModelResearch/mathlib4/Counterexamples/CharPZeroNeCharZero.lean
Line 30 is being evaluated
Evaluting from: /lustre07/scratch/kevew/DuelModelResearch/mathlib4/Counterexamples/IrrationalPowerOfIrrational.lean
Line 31 is being evaluated
Evaluting from: /lustre07/scratch/kevew/DuelModelResearch/mathlib4/Counterexamples/SorgenfreyLine.lean
Skipping line due to error: 'NoneType' object is not iterable
Line 32 is being evaluated
Evaluting from: /lustre07/scratch/kevew/DuelModelResearch/mathlib4/Counterexamples/SorgenfreyLine.lean
Skipping line due to error: 'NoneType' object is not iterable
Line 33 is being evaluated
Evaluting from: /lustre07/scratch/kevew/DuelModelResearch/mathlib4/Counterexamples/SorgenfreyLine.lean
Line 34 is being evaluated
Evaluting from: /lustre07/scratch/kevew/DuelModelResearch/mathlib4/Counterexamples/SorgenfreyLine.lean
Line 35 is being evaluated
Evaluting from: /lustre07/scratch/kevew/DuelModelResearch/mathlib4/Counterexamples/SorgenfreyLine.lean
Line 36 is being evaluated
Evaluting from: /lustre07/scratch/kevew/DuelModelResearch/mathlib4/Counterexamples/SorgenfreyLine.lean
Skipping line due to error: 'NoneType' object is not iterable
Line 37 is being evaluated
Evaluting from: /lustre07/scratch/kevew/DuelModelResearch/mathlib4/Counterexamples/SorgenfreyLine.lean
Skipping line due to error: 'NoneType' object is not iterable
Line 38 is being evaluated
Evaluting from: /lustre07/scratch/kevew/DuelModelResearch/mathlib4/Counterexamples/SorgenfreyLine.lean
Skipping line due to error: 'NoneType' object is not iterable
Line 39 is being evaluated
Evaluting from: /lustre07/scratch/kevew/DuelModelResearch/mathlib4/Counterexamples/SorgenfreyLine.lean
Line 40 is being evaluated
Evaluting from: /lustre07/scratch/kevew/DuelModelResearch/mathlib4/Counterexamples/SorgenfreyLine.lean
Skipping line due to error: 'NoneType' object is not iterable
Line 41 is being evaluated
Evaluting from: /lustre07/scratch/kevew/DuelModelResearch/mathlib4/Counterexamples/SorgenfreyLine.lean
Line 42 is being evaluated
Evaluting from: /lustre07/scratch/kevew/DuelModelResearch/mathlib4/Counterexamples/SorgenfreyLine.lean
Line 43 is being evaluated
Evaluting from: /lustre07/scratch/kevew/DuelModelResearch/mathlib4/Counterexamples/SorgenfreyLine.lean
Line 44 is being evaluated
Evaluting from: /lustre07/scratch/kevew/DuelModelResearch/mathlib4/Counterexamples/SorgenfreyLine.lean
Skipping line due to error: 'NoneType' object is not iterable
Line 45 is being evaluated
Evaluting from: /lustre07/scratch/kevew/DuelModelResearch/mathlib4/Counterexamples/SorgenfreyLine.lean
Skipping line due to error: 'NoneType' object is not iterable
Line 46 is being evaluated
Evaluting from: /lustre07/scratch/kevew/DuelModelResearch/mathlib4/Counterexamples/SorgenfreyLine.lean
Line 47 is being evaluated
Evaluting from: /lustre07/scratch/kevew/DuelModelResearch/mathlib4/Counterexamples/SorgenfreyLine.lean
Skipping line due to error: 'NoneType' object is not iterable
Line 48 is being evaluated
Evaluting from: /lustre07/scratch/kevew/DuelModelResearch/mathlib4/Counterexamples/SorgenfreyLine.lean
Line 49 is being evaluated
Evaluting from: /lustre07/scratch/kevew/DuelModelResearch/mathlib4/Counterexamples/SorgenfreyLine.lean
Skipping line due to error: 'NoneType' object is not iterable
Line 50 is being evaluated
Evaluting from: /lustre07/scratch/kevew/DuelModelResearch/mathlib4/Counterexamples/SorgenfreyLine.lean
Skipping line due to error: 'NoneType' object is not iterable
Line 51 is being evaluated
Evaluting from: /lustre07/scratch/kevew/DuelModelResearch/mathlib4/Counterexamples/SorgenfreyLine.lean
Line 52 is being evaluated
Evaluting from: /lustre07/scratch/kevew/DuelModelResearch/mathlib4/Counterexamples/SorgenfreyLine.lean
Line 53 is being evaluated
Evaluting from: /lustre07/scratch/kevew/DuelModelResearch/mathlib4/Counterexamples/SorgenfreyLine.lean
Skipping line due to error: 'NoneType' object is not iterable
Line 54 is being evaluated
Evaluting from: /lustre07/scratch/kevew/DuelModelResearch/mathlib4/Counterexamples/SorgenfreyLine.lean
Skipping line due to error: 'NoneType' object is not iterable
Line 55 is being evaluated
Evaluting from: /lustre07/scratch/kevew/DuelModelResearch/mathlib4/Counterexamples/SorgenfreyLine.lean
Line 56 is being evaluated
Evaluting from: /lustre07/scratch/kevew/DuelModelResearch/mathlib4/Counterexamples/SorgenfreyLine.lean
Line 57 is being evaluated
Evaluting from: /lustre07/scratch/kevew/DuelModelResearch/mathlib4/Counterexamples/SorgenfreyLine.lean
Line 58 is being evaluated
Evaluting from: /lustre07/scratch/kevew/DuelModelResearch/mathlib4/Counterexamples/SorgenfreyLine.lean
Line 59 is being evaluated
Evaluting from: /lustre07/scratch/kevew/DuelModelResearch/mathlib4/Counterexamples/SorgenfreyLine.lean
Skipping line due to error: 'NoneType' object is not iterable
Line 60 is being evaluated
Evaluting from: /lustre07/scratch/kevew/DuelModelResearch/mathlib4/Counterexamples/MonicNonRegular.lean
Line 61 is being evaluated
Evaluting from: /lustre07/scratch/kevew/DuelModelResearch/mathlib4/Counterexamples/MonicNonRegular.lean
Skipping line due to error: 'NoneType' object is not iterable
Line 62 is being evaluated
Evaluting from: /lustre07/scratch/kevew/DuelModelResearch/mathlib4/Counterexamples/MonicNonRegular.lean
Line 63 is being evaluated
Evaluting from: /lustre07/scratch/kevew/DuelModelResearch/mathlib4/Counterexamples/MonicNonRegular.lean
Skipping line due to error: 'NoneType' object is not iterable
Line 64 is being evaluated
Evaluting from: /lustre07/scratch/kevew/DuelModelResearch/mathlib4/Counterexamples/ZeroDivisorsInAddMonoidAlgebras.lean
Line 65 is being evaluated
Evaluting from: /lustre07/scratch/kevew/DuelModelResearch/mathlib4/Counterexamples/ZeroDivisorsInAddMonoidAlgebras.lean
Skipping line due to error: 'NoneType' object is not iterable
Line 66 is being evaluated
Evaluting from: /lustre07/scratch/kevew/DuelModelResearch/mathlib4/Counterexamples/ZeroDivisorsInAddMonoidAlgebras.lean
Line 67 is being evaluated
Evaluting from: /lustre07/scratch/kevew/DuelModelResearch/mathlib4/Counterexamples/ZeroDivisorsInAddMonoidAlgebras.lean
Skipping line due to error: 'NoneType' object is not iterable
Line 68 is being evaluated
Evaluting from: /lustre07/scratch/kevew/DuelModelResearch/mathlib4/Counterexamples/ZeroDivisorsInAddMonoidAlgebras.lean
Line 69 is being evaluated
Evaluting from: /lustre07/scratch/kevew/DuelModelResearch/mathlib4/Counterexamples/ZeroDivisorsInAddMonoidAlgebras.lean
Line 70 is being evaluated
Evaluting from: /lustre07/scratch/kevew/DuelModelResearch/mathlib4/Counterexamples/ZeroDivisorsInAddMonoidAlgebras.lean
Line 71 is being evaluated
Evaluting from: /lustre07/scratch/kevew/DuelModelResearch/mathlib4/Counterexamples/ZeroDivisorsInAddMonoidAlgebras.lean
Line 72 is being evaluated
Evaluting from: /lustre07/scratch/kevew/DuelModelResearch/mathlib4/Counterexamples/ZeroDivisorsInAddMonoidAlgebras.lean
Skipping line due to error: 'NoneType' object is not iterable
Line 73 is being evaluated
Evaluting from: /lustre07/scratch/kevew/DuelModelResearch/mathlib4/Counterexamples/ZeroDivisorsInAddMonoidAlgebras.lean
Line 74 is being evaluated
Evaluting from: /lustre07/scratch/kevew/DuelModelResearch/mathlib4/Counterexamples/ZeroDivisorsInAddMonoidAlgebras.lean
Skipping line due to error: 'NoneType' object is not iterable
Line 75 is being evaluated
Evaluting from: /lustre07/scratch/kevew/DuelModelResearch/mathlib4/Counterexamples/ZeroDivisorsInAddMonoidAlgebras.lean
Skipping line due to error: 'NoneType' object is not iterable
Line 76 is being evaluated
Evaluting from: /lustre07/scratch/kevew/DuelModelResearch/mathlib4/Counterexamples/ZeroDivisorsInAddMonoidAlgebras.lean
Skipping line due to error: 'NoneType' object is not iterable
Line 77 is being evaluated
Evaluting from: /lustre07/scratch/kevew/DuelModelResearch/mathlib4/Counterexamples/ZeroDivisorsInAddMonoidAlgebras.lean
Skipping line due to error: 'NoneType' object is not iterable
Line 78 is being evaluated
Evaluting from: /lustre07/scratch/kevew/DuelModelResearch/mathlib4/Counterexamples/ZeroDivisorsInAddMonoidAlgebras.lean
Line 79 is being evaluated
Evaluting from: /lustre07/scratch/kevew/DuelModelResearch/mathlib4/Counterexamples/ZeroDivisorsInAddMonoidAlgebras.lean
Skipping line due to error: 'NoneType' object is not iterable
Line 80 is being evaluated
Evaluting from: /lustre07/scratch/kevew/DuelModelResearch/mathlib4/Counterexamples/ZeroDivisorsInAddMonoidAlgebras.lean
Skipping line due to error: 'NoneType' object is not iterable
Line 81 is being evaluated
Evaluting from: /lustre07/scratch/kevew/DuelModelResearch/mathlib4/Counterexamples/ZeroDivisorsInAddMonoidAlgebras.lean
Line 82 is being evaluated
Evaluting from: /lustre07/scratch/kevew/DuelModelResearch/mathlib4/Counterexamples/ZeroDivisorsInAddMonoidAlgebras.lean
Line 83 is being evaluated
Evaluting from: /lustre07/scratch/kevew/DuelModelResearch/mathlib4/Counterexamples/HomogeneousPrimeNotPrime.lean
Skipping line due to error: 'NoneType' object is not iterable
Line 84 is being evaluated
Evaluting from: /lustre07/scratch/kevew/DuelModelResearch/mathlib4/Counterexamples/HomogeneousPrimeNotPrime.lean
Skipping line due to error: 'NoneType' object is not iterable
Line 85 is being evaluated
Evaluting from: /lustre07/scratch/kevew/DuelModelResearch/mathlib4/Counterexamples/HomogeneousPrimeNotPrime.lean
Line 86 is being evaluated
Evaluting from: /lustre07/scratch/kevew/DuelModelResearch/mathlib4/Counterexamples/HomogeneousPrimeNotPrime.lean
Line 87 is being evaluated
Evaluting from: /lustre07/scratch/kevew/DuelModelResearch/mathlib4/Counterexamples/HomogeneousPrimeNotPrime.lean
Line 88 is being evaluated
Evaluting from: /lustre07/scratch/kevew/DuelModelResearch/mathlib4/Counterexamples/HomogeneousPrimeNotPrime.lean
Line 89 is being evaluated
Evaluting from: /lustre07/scratch/kevew/DuelModelResearch/mathlib4/Counterexamples/Girard.lean
Skipping line due to error: 'NoneType' object is not iterable
Line 90 is being evaluated
Evaluting from: /lustre07/scratch/kevew/DuelModelResearch/mathlib4/Counterexamples/MapFloor.lean
Line 91 is being evaluated
Evaluting from: /lustre07/scratch/kevew/DuelModelResearch/mathlib4/Counterexamples/MapFloor.lean
Line 92 is being evaluated
Evaluting from: /lustre07/scratch/kevew/DuelModelResearch/mathlib4/Counterexamples/MapFloor.lean
Line 93 is being evaluated
Evaluting from: /lustre07/scratch/kevew/DuelModelResearch/mathlib4/Counterexamples/MapFloor.lean
Line 94 is being evaluated
Evaluting from: /lustre07/scratch/kevew/DuelModelResearch/mathlib4/Counterexamples/AharoniKorman.lean
Skipping line due to error: 'NoneType' object is not iterable
Line 95 is being evaluated
Evaluting from: /lustre07/scratch/kevew/DuelModelResearch/mathlib4/Counterexamples/AharoniKorman.lean
Skipping line due to error: 'NoneType' object is not iterable
Line 96 is being evaluated
Evaluting from: /lustre07/scratch/kevew/DuelModelResearch/mathlib4/Counterexamples/AharoniKorman.lean
Skipping line due to error: 'NoneType' object is not iterable
Line 97 is being evaluated
Evaluting from: /lustre07/scratch/kevew/DuelModelResearch/mathlib4/Counterexamples/AharoniKorman.lean
Skipping line due to error: 'NoneType' object is not iterable
Line 98 is being evaluated
Evaluting from: /lustre07/scratch/kevew/DuelModelResearch/mathlib4/Counterexamples/AharoniKorman.lean
Line 99 is being evaluated
Evaluting from: /lustre07/scratch/kevew/DuelModelResearch/mathlib4/Counterexamples/AharoniKorman.lean
Skipping line due to error: 'NoneType' object is not iterable
Line 100 is being evaluated
Evaluting from: /lustre07/scratch/kevew/DuelModelResearch/mathlib4/Counterexamples/AharoniKorman.lean
Skipping line due to error: 'NoneType' object is not iterable
Line 101 is being evaluated
Evaluting from: /lustre07/scratch/kevew/DuelModelResearch/mathlib4/Counterexamples/AharoniKorman.lean
Skipping line due to error: 'NoneType' object is not iterable
Line 102 is being evaluated
Evaluting from: /lustre07/scratch/kevew/DuelModelResearch/mathlib4/Counterexamples/AharoniKorman.lean
Line 103 is being evaluated
Evaluting from: /lustre07/scratch/kevew/DuelModelResearch/mathlib4/Counterexamples/AharoniKorman.lean
Line 104 is being evaluated
Evaluting from: /lustre07/scratch/kevew/DuelModelResearch/mathlib4/Counterexamples/AharoniKorman.lean
Skipping line due to error: 'NoneType' object is not iterable
Line 105 is being evaluated
Evaluting from: /lustre07/scratch/kevew/DuelModelResearch/mathlib4/Counterexamples/AharoniKorman.lean
Line 106 is being evaluated
Evaluting from: /lustre07/scratch/kevew/DuelModelResearch/mathlib4/Counterexamples/AharoniKorman.lean
Line 107 is being evaluated
Evaluting from: /lustre07/scratch/kevew/DuelModelResearch/mathlib4/Counterexamples/AharoniKorman.lean
Skipping line due to error: 'NoneType' object is not iterable
Line 108 is being evaluated
Evaluting from: /lustre07/scratch/kevew/DuelModelResearch/mathlib4/Counterexamples/AharoniKorman.lean
Line 109 is being evaluated
Evaluting from: /lustre07/scratch/kevew/DuelModelResearch/mathlib4/Counterexamples/AharoniKorman.lean
Skipping line due to error: 'NoneType' object is not iterable
Line 110 is being evaluated
Evaluting from: /lustre07/scratch/kevew/DuelModelResearch/mathlib4/Counterexamples/AharoniKorman.lean
Line 111 is being evaluated
Evaluting from: /lustre07/scratch/kevew/DuelModelResearch/mathlib4/Counterexamples/AharoniKorman.lean
Skipping line due to error: 'NoneType' object is not iterable
Line 112 is being evaluated
Evaluting from: /lustre07/scratch/kevew/DuelModelResearch/mathlib4/Counterexamples/AharoniKorman.lean
Line 113 is being evaluated
Evaluting from: /lustre07/scratch/kevew/DuelModelResearch/mathlib4/Counterexamples/AharoniKorman.lean
Line 114 is being evaluated
Evaluting from: /lustre07/scratch/kevew/DuelModelResearch/mathlib4/Counterexamples/AharoniKorman.lean
Line 115 is being evaluated
Evaluting from: /lustre07/scratch/kevew/DuelModelResearch/mathlib4/Counterexamples/AharoniKorman.lean
Line 116 is being evaluated
Evaluting from: /lustre07/scratch/kevew/DuelModelResearch/mathlib4/Counterexamples/AharoniKorman.lean
Skipping line due to error: 'NoneType' object is not iterable
Line 117 is being evaluated
Evaluting from: /lustre07/scratch/kevew/DuelModelResearch/mathlib4/Counterexamples/AharoniKorman.lean
Skipping line due to error: 'NoneType' object is not iterable
Line 118 is being evaluated
Evaluting from: /lustre07/scratch/kevew/DuelModelResearch/mathlib4/Counterexamples/AharoniKorman.lean
Skipping line due to error: 'NoneType' object is not iterable
Line 119 is being evaluated
Evaluting from: /lustre07/scratch/kevew/DuelModelResearch/mathlib4/Counterexamples/AharoniKorman.lean
Skipping line due to error: 'NoneType' object is not iterable
Line 120 is being evaluated
Evaluting from: /lustre07/scratch/kevew/DuelModelResearch/mathlib4/Counterexamples/AharoniKorman.lean
Skipping line due to error: 'NoneType' object is not iterable
Line 121 is being evaluated
Evaluting from: /lustre07/scratch/kevew/DuelModelResearch/mathlib4/Counterexamples/AharoniKorman.lean
Skipping line due to error: 'NoneType' object is not iterable
Line 122 is being evaluated
Evaluting from: /lustre07/scratch/kevew/DuelModelResearch/mathlib4/Counterexamples/AharoniKorman.lean
Skipping line due to error: 'NoneType' object is not iterable
Line 123 is being evaluated
Evaluting from: /lustre07/scratch/kevew/DuelModelResearch/mathlib4/Counterexamples/AharoniKorman.lean
Skipping line due to error: 'NoneType' object is not iterable
Line 124 is being evaluated
Evaluting from: /lustre07/scratch/kevew/DuelModelResearch/mathlib4/Counterexamples/AharoniKorman.lean
Skipping line due to error: 'NoneType' object is not iterable
Line 125 is being evaluated
Evaluting from: /lustre07/scratch/kevew/DuelModelResearch/mathlib4/Counterexamples/AharoniKorman.lean
Skipping line due to error: 'NoneType' object is not iterable
Line 126 is being evaluated
Evaluting from: /lustre07/scratch/kevew/DuelModelResearch/mathlib4/Counterexamples/AharoniKorman.lean
Skipping line due to error: 'NoneType' object is not iterable
Line 127 is being evaluated
Evaluting from: /lustre07/scratch/kevew/DuelModelResearch/mathlib4/Counterexamples/AharoniKorman.lean
Skipping line due to error: 'NoneType' object is not iterable
Line 128 is being evaluated
Evaluting from: /lustre07/scratch/kevew/DuelModelResearch/mathlib4/Counterexamples/AharoniKorman.lean
Skipping line due to error: 'NoneType' object is not iterable
Line 129 is being evaluated
Evaluting from: /lustre07/scratch/kevew/DuelModelResearch/mathlib4/Counterexamples/AharoniKorman.lean
Skipping line due to error: 'NoneType' object is not iterable
Line 130 is being evaluated
Evaluting from: /lustre07/scratch/kevew/DuelModelResearch/mathlib4/Counterexamples/AharoniKorman.lean
Skipping line due to error: 'NoneType' object is not iterable
Line 131 is being evaluated
Evaluting from: /lustre07/scratch/kevew/DuelModelResearch/mathlib4/Counterexamples/AharoniKorman.lean
Skipping line due to error: 'NoneType' object is not iterable
Line 132 is being evaluated
Evaluting from: /lustre07/scratch/kevew/DuelModelResearch/mathlib4/Counterexamples/AharoniKorman.lean
Skipping line due to error: 'NoneType' object is not iterable
Line 133 is being evaluated
Evaluting from: /lustre07/scratch/kevew/DuelModelResearch/mathlib4/Counterexamples/AharoniKorman.lean
Line 134 is being evaluated
Evaluting from: /lustre07/scratch/kevew/DuelModelResearch/mathlib4/Counterexamples/AharoniKorman.lean
Line 135 is being evaluated
Evaluting from: /lustre07/scratch/kevew/DuelModelResearch/mathlib4/Counterexamples/AharoniKorman.lean
Line 136 is being evaluated
Evaluting from: /lustre07/scratch/kevew/DuelModelResearch/mathlib4/Counterexamples/AharoniKorman.lean
Line 137 is being evaluated
Evaluting from: /lustre07/scratch/kevew/DuelModelResearch/mathlib4/Counterexamples/AharoniKorman.lean
Line 138 is being evaluated
Evaluting from: /lustre07/scratch/kevew/DuelModelResearch/mathlib4/Counterexamples/AharoniKorman.lean
Skipping line due to error: 'NoneType' object is not iterable
Line 139 is being evaluated
Evaluting from: /lustre07/scratch/kevew/DuelModelResearch/mathlib4/Counterexamples/AharoniKorman.lean
Skipping line due to error: 'NoneType' object is not iterable
Line 140 is being evaluated
Evaluting from: /lustre07/scratch/kevew/DuelModelResearch/mathlib4/Counterexamples/AharoniKorman.lean
Skipping line due to error: 'NoneType' object is not iterable
Line 141 is being evaluated
Evaluting from: /lustre07/scratch/kevew/DuelModelResearch/mathlib4/Counterexamples/AharoniKorman.lean
Skipping line due to error: 'NoneType' object is not iterable
Line 142 is being evaluated
Evaluting from: /lustre07/scratch/kevew/DuelModelResearch/mathlib4/Counterexamples/AharoniKorman.lean
Skipping line due to error: 'NoneType' object is not iterable
Line 143 is being evaluated
Evaluting from: /lustre07/scratch/kevew/DuelModelResearch/mathlib4/Counterexamples/AharoniKorman.lean
Line 144 is being evaluated
Evaluting from: /lustre07/scratch/kevew/DuelModelResearch/mathlib4/Counterexamples/AharoniKorman.lean
Skipping line due to error: 'NoneType' object is not iterable
Line 145 is being evaluated
Evaluting from: /lustre07/scratch/kevew/DuelModelResearch/mathlib4/Counterexamples/AharoniKorman.lean
Line 146 is being evaluated
Evaluting from: /lustre07/scratch/kevew/DuelModelResearch/mathlib4/Counterexamples/AharoniKorman.lean
Line 147 is being evaluated
Evaluting from: /lustre07/scratch/kevew/DuelModelResearch/mathlib4/Counterexamples/AharoniKorman.lean
Line 148 is being evaluated
Evaluting from: /lustre07/scratch/kevew/DuelModelResearch/mathlib4/Counterexamples/AharoniKorman.lean
Line 149 is being evaluated
Evaluting from: /lustre07/scratch/kevew/DuelModelResearch/mathlib4/Counterexamples/AharoniKorman.lean
Line 150 is being evaluated
Evaluting from: /lustre07/scratch/kevew/DuelModelResearch/mathlib4/Counterexamples/AharoniKorman.lean
Line 151 is being evaluated
Evaluting from: /lustre07/scratch/kevew/DuelModelResearch/mathlib4/Counterexamples/AharoniKorman.lean
Skipping line due to error: 'NoneType' object is not iterable
Line 152 is being evaluated
Evaluting from: /lustre07/scratch/kevew/DuelModelResearch/mathlib4/Counterexamples/AharoniKorman.lean
Skipping line due to error: 'NoneType' object is not iterable
Line 153 is being evaluated
Evaluting from: /lustre07/scratch/kevew/DuelModelResearch/mathlib4/Counterexamples/AharoniKorman.lean
Line 154 is being evaluated
Evaluting from: /lustre07/scratch/kevew/DuelModelResearch/mathlib4/Counterexamples/AharoniKorman.lean
Skipping line due to error: 'NoneType' object is not iterable
Line 155 is being evaluated
Evaluting from: /lustre07/scratch/kevew/DuelModelResearch/mathlib4/Counterexamples/AharoniKorman.lean
Line 156 is being evaluated
Evaluting from: /lustre07/scratch/kevew/DuelModelResearch/mathlib4/Counterexamples/AharoniKorman.lean
Line 157 is being evaluated
Evaluting from: /lustre07/scratch/kevew/DuelModelResearch/mathlib4/Counterexamples/AharoniKorman.lean
Skipping line due to error: 'NoneType' object is not iterable
Line 158 is being evaluated
Evaluting from: /lustre07/scratch/kevew/DuelModelResearch/mathlib4/Counterexamples/AharoniKorman.lean
Line 159 is being evaluated
Evaluting from: /lustre07/scratch/kevew/DuelModelResearch/mathlib4/Counterexamples/AharoniKorman.lean
Skipping line due to error: 'NoneType' object is not iterable
Line 160 is being evaluated
Evaluting from: /lustre07/scratch/kevew/DuelModelResearch/mathlib4/Counterexamples/AharoniKorman.lean
Line 161 is being evaluated
Evaluting from: /lustre07/scratch/kevew/DuelModelResearch/mathlib4/Counterexamples/AharoniKorman.lean
Line 162 is being evaluated
Evaluting from: /lustre07/scratch/kevew/DuelModelResearch/mathlib4/Counterexamples/AharoniKorman.lean
Line 163 is being evaluated
Evaluting from: /lustre07/scratch/kevew/DuelModelResearch/mathlib4/Counterexamples/AharoniKorman.lean
Line 164 is being evaluated
Evaluting from: /lustre07/scratch/kevew/DuelModelResearch/mathlib4/Counterexamples/AharoniKorman.lean
Skipping line due to error: 'NoneType' object is not iterable
Line 165 is being evaluated
Evaluting from: /lustre07/scratch/kevew/DuelModelResearch/mathlib4/Counterexamples/AharoniKorman.lean
Skipping line due to error: 'NoneType' object is not iterable
Line 166 is being evaluated
Evaluting from: /lustre07/scratch/kevew/DuelModelResearch/mathlib4/Counterexamples/AharoniKorman.lean
Skipping line due to error: 'NoneType' object is not iterable
Line 167 is being evaluated
Evaluting from: /lustre07/scratch/kevew/DuelModelResearch/mathlib4/Counterexamples/AharoniKorman.lean
Skipping line due to error: 'NoneType' object is not iterable
Line 168 is being evaluated
Evaluting from: /lustre07/scratch/kevew/DuelModelResearch/mathlib4/Counterexamples/AharoniKorman.lean
Line 169 is being evaluated
Evaluting from: /lustre07/scratch/kevew/DuelModelResearch/mathlib4/Counterexamples/SeminormLatticeNotDistrib.lean
Line 170 is being evaluated
Evaluting from: /lustre07/scratch/kevew/DuelModelResearch/mathlib4/Counterexamples/SeminormLatticeNotDistrib.lean
Skipping line due to error: 'NoneType' object is not iterable
Line 171 is being evaluated
Evaluting from: /lustre07/scratch/kevew/DuelModelResearch/mathlib4/Counterexamples/CliffordAlgebraNotInjective.lean
Skipping line due to error: 'NoneType' object is not iterable
Line 172 is being evaluated
Evaluting from: /lustre07/scratch/kevew/DuelModelResearch/mathlib4/Counterexamples/CliffordAlgebraNotInjective.lean
Skipping line due to error: 'NoneType' object is not iterable
Line 173 is being evaluated
Evaluting from: /lustre07/scratch/kevew/DuelModelResearch/mathlib4/Counterexamples/CliffordAlgebraNotInjective.lean
Skipping line due to error: 'NoneType' object is not iterable
Line 174 is being evaluated
Evaluting from: /lustre07/scratch/kevew/DuelModelResearch/mathlib4/Counterexamples/CliffordAlgebraNotInjective.lean
Line 175 is being evaluated
Evaluting from: /lustre07/scratch/kevew/DuelModelResearch/mathlib4/Counterexamples/CliffordAlgebraNotInjective.lean
Line 176 is being evaluated
Evaluting from: /lustre07/scratch/kevew/DuelModelResearch/mathlib4/Counterexamples/CliffordAlgebraNotInjective.lean
Line 177 is being evaluated
Evaluting from: /lustre07/scratch/kevew/DuelModelResearch/mathlib4/Counterexamples/CliffordAlgebraNotInjective.lean
Skipping line due to error: 'NoneType' object is not iterable
Line 178 is being evaluated
Evaluting from: /lustre07/scratch/kevew/DuelModelResearch/mathlib4/Counterexamples/CliffordAlgebraNotInjective.lean
Skipping line due to error: 'NoneType' object is not iterable
Line 179 is being evaluated
Evaluting from: /lustre07/scratch/kevew/DuelModelResearch/mathlib4/Counterexamples/CliffordAlgebraNotInjective.lean
Line 180 is being evaluated
Evaluting from: /lustre07/scratch/kevew/DuelModelResearch/mathlib4/Counterexamples/CliffordAlgebraNotInjective.lean
Line 181 is being evaluated
Evaluting from: /lustre07/scratch/kevew/DuelModelResearch/mathlib4/Counterexamples/CliffordAlgebraNotInjective.lean
Line 182 is being evaluated
Evaluting from: /lustre07/scratch/kevew/DuelModelResearch/mathlib4/Counterexamples/CliffordAlgebraNotInjective.lean
Line 183 is being evaluated
Evaluting from: /lustre07/scratch/kevew/DuelModelResearch/mathlib4/Counterexamples/CliffordAlgebraNotInjective.lean
Line 184 is being evaluated
Evaluting from: /lustre07/scratch/kevew/DuelModelResearch/mathlib4/Counterexamples/CliffordAlgebraNotInjective.lean
Skipping line due to error: 'NoneType' object is not iterable
Line 185 is being evaluated
Evaluting from: /lustre07/scratch/kevew/DuelModelResearch/mathlib4/Counterexamples/CliffordAlgebraNotInjective.lean
Line 186 is being evaluated
Evaluting from: /lustre07/scratch/kevew/DuelModelResearch/mathlib4/Counterexamples/CliffordAlgebraNotInjective.lean
Skipping line due to error: 'NoneType' object is not iterable
Line 187 is being evaluated
Evaluting from: /lustre07/scratch/kevew/DuelModelResearch/mathlib4/Counterexamples/CliffordAlgebraNotInjective.lean
Skipping line due to error: 'NoneType' object is not iterable
Line 188 is being evaluated
Evaluting from: /lustre07/scratch/kevew/DuelModelResearch/mathlib4/Counterexamples/CliffordAlgebraNotInjective.lean
Line 189 is being evaluated
Evaluting from: /lustre07/scratch/kevew/DuelModelResearch/mathlib4/Counterexamples/CliffordAlgebraNotInjective.lean
Skipping line due to error: 'NoneType' object is not iterable
Line 190 is being evaluated
Evaluting from: /lustre07/scratch/kevew/DuelModelResearch/mathlib4/Counterexamples/CliffordAlgebraNotInjective.lean
Skipping line due to error: 'NoneType' object is not iterable
Line 191 is being evaluated
Evaluting from: /lustre07/scratch/kevew/DuelModelResearch/mathlib4/Counterexamples/CliffordAlgebraNotInjective.lean
Skipping line due to error: 'NoneType' object is not iterable
Line 192 is being evaluated
Evaluting from: /lustre07/scratch/kevew/DuelModelResearch/mathlib4/Counterexamples/CliffordAlgebraNotInjective.lean
Skipping line due to error: 'NoneType' object is not iterable
Line 193 is being evaluated
Evaluting from: /lustre07/scratch/kevew/DuelModelResearch/mathlib4/Counterexamples/DirectSumIsInternal.lean
Line 194 is being evaluated
Evaluting from: /lustre07/scratch/kevew/DuelModelResearch/mathlib4/Counterexamples/DirectSumIsInternal.lean
Line 195 is being evaluated
Evaluting from: /lustre07/scratch/kevew/DuelModelResearch/mathlib4/Counterexamples/DirectSumIsInternal.lean
Line 196 is being evaluated
Evaluting from: /lustre07/scratch/kevew/DuelModelResearch/mathlib4/Counterexamples/DirectSumIsInternal.lean
Skipping line due to error: 'NoneType' object is not iterable
Line 197 is being evaluated
Evaluting from: /lustre07/scratch/kevew/DuelModelResearch/mathlib4/Counterexamples/DirectSumIsInternal.lean
Skipping line due to error: 'NoneType' object is not iterable
Line 198 is being evaluated
Evaluting from: /lustre07/scratch/kevew/DuelModelResearch/mathlib4/Counterexamples/DirectSumIsInternal.lean
Line 199 is being evaluated
Evaluting from: /lustre07/scratch/kevew/DuelModelResearch/mathlib4/Counterexamples/DirectSumIsInternal.lean
Skipping line due to error: 'NoneType' object is not iterable
Line 200 is being evaluated
Evaluting from: /lustre07/scratch/kevew/DuelModelResearch/mathlib4/Counterexamples/DiscreteTopologyNonDiscreteUniformity.lean
Skipping line due to error: 'NoneType' object is not iterable
Line 201 is being evaluated
Evaluting from: /lustre07/scratch/kevew/DuelModelResearch/mathlib4/Counterexamples/DiscreteTopologyNonDiscreteUniformity.lean
Line 202 is being evaluated
Evaluting from: /lustre07/scratch/kevew/DuelModelResearch/mathlib4/Counterexamples/DiscreteTopologyNonDiscreteUniformity.lean
Line 203 is being evaluated
Evaluting from: /lustre07/scratch/kevew/DuelModelResearch/mathlib4/Counterexamples/DiscreteTopologyNonDiscreteUniformity.lean
Line 204 is being evaluated
Evaluting from: /lustre07/scratch/kevew/DuelModelResearch/mathlib4/Counterexamples/DiscreteTopologyNonDiscreteUniformity.lean
Line 205 is being evaluated
Evaluting from: /lustre07/scratch/kevew/DuelModelResearch/mathlib4/Counterexamples/DiscreteTopologyNonDiscreteUniformity.lean
Line 206 is being evaluated
Evaluting from: /lustre07/scratch/kevew/DuelModelResearch/mathlib4/Counterexamples/DiscreteTopologyNonDiscreteUniformity.lean
Line 207 is being evaluated
Evaluting from: /lustre07/scratch/kevew/DuelModelResearch/mathlib4/Counterexamples/DiscreteTopologyNonDiscreteUniformity.lean
Line 208 is being evaluated
Evaluting from: /lustre07/scratch/kevew/DuelModelResearch/mathlib4/Counterexamples/DiscreteTopologyNonDiscreteUniformity.lean
Skipping line due to error: 'NoneType' object is not iterable
Line 209 is being evaluated
Evaluting from: /lustre07/scratch/kevew/DuelModelResearch/mathlib4/Counterexamples/DiscreteTopologyNonDiscreteUniformity.lean
Line 210 is being evaluated
Evaluting from: /lustre07/scratch/kevew/DuelModelResearch/mathlib4/Counterexamples/DiscreteTopologyNonDiscreteUniformity.lean
Line 211 is being evaluated
Evaluting from: /lustre07/scratch/kevew/DuelModelResearch/mathlib4/Counterexamples/DiscreteTopologyNonDiscreteUniformity.lean
Line 212 is being evaluated
Evaluting from: /lustre07/scratch/kevew/DuelModelResearch/mathlib4/Counterexamples/DiscreteTopologyNonDiscreteUniformity.lean
Skipping line due to error: 'NoneType' object is not iterable
Line 213 is being evaluated
Evaluting from: /lustre07/scratch/kevew/DuelModelResearch/mathlib4/Counterexamples/Cyclotomic105.lean
Skipping line due to error: 'NoneType' object is not iterable
Line 214 is being evaluated
Evaluting from: /lustre07/scratch/kevew/DuelModelResearch/mathlib4/Counterexamples/Cyclotomic105.lean
Skipping line due to error: 'NoneType' object is not iterable
Line 215 is being evaluated
Evaluting from: /lustre07/scratch/kevew/DuelModelResearch/mathlib4/Counterexamples/Cyclotomic105.lean
Skipping line due to error: 'NoneType' object is not iterable
Line 216 is being evaluated
Evaluting from: /lustre07/scratch/kevew/DuelModelResearch/mathlib4/Counterexamples/Cyclotomic105.lean
Skipping line due to error: 'NoneType' object is not iterable
Line 217 is being evaluated
Evaluting from: /lustre07/scratch/kevew/DuelModelResearch/mathlib4/Counterexamples/Cyclotomic105.lean
Line 218 is being evaluated
Evaluting from: /lustre07/scratch/kevew/DuelModelResearch/mathlib4/Counterexamples/Cyclotomic105.lean
Line 219 is being evaluated
Evaluting from: /lustre07/scratch/kevew/DuelModelResearch/mathlib4/Counterexamples/Cyclotomic105.lean
Line 220 is being evaluated
Evaluting from: /lustre07/scratch/kevew/DuelModelResearch/mathlib4/Counterexamples/Cyclotomic105.lean
Line 221 is being evaluated
Evaluting from: /lustre07/scratch/kevew/DuelModelResearch/mathlib4/Counterexamples/Cyclotomic105.lean
Line 222 is being evaluated
Evaluting from: /lustre07/scratch/kevew/DuelModelResearch/mathlib4/Counterexamples/Cyclotomic105.lean
Line 223 is being evaluated
Evaluting from: /lustre07/scratch/kevew/DuelModelResearch/mathlib4/Counterexamples/Cyclotomic105.lean
Line 224 is being evaluated
Evaluting from: /lustre07/scratch/kevew/DuelModelResearch/mathlib4/Counterexamples/Cyclotomic105.lean
Line 225 is being evaluated
Evaluting from: /lustre07/scratch/kevew/DuelModelResearch/mathlib4/Counterexamples/Cyclotomic105.lean
Line 226 is being evaluated
Evaluting from: /lustre07/scratch/kevew/DuelModelResearch/mathlib4/Counterexamples/Phillips.lean
Skipping line due to error: 'NoneType' object is not iterable
Line 227 is being evaluated
Evaluting from: /lustre07/scratch/kevew/DuelModelResearch/mathlib4/Counterexamples/Phillips.lean
Skipping line due to error: 'NoneType' object is not iterable
Line 228 is being evaluated
Evaluting from: /lustre07/scratch/kevew/DuelModelResearch/mathlib4/Counterexamples/Phillips.lean
Skipping line due to error: 'NoneType' object is not iterable
Line 229 is being evaluated
Evaluting from: /lustre07/scratch/kevew/DuelModelResearch/mathlib4/Counterexamples/Phillips.lean
Skipping line due to error: 'NoneType' object is not iterable
Line 230 is being evaluated
Evaluting from: /lustre07/scratch/kevew/DuelModelResearch/mathlib4/Counterexamples/Phillips.lean
Skipping line due to error: 'NoneType' object is not iterable
Line 231 is being evaluated
Evaluting from: /lustre07/scratch/kevew/DuelModelResearch/mathlib4/Counterexamples/Phillips.lean
Line 232 is being evaluated
Evaluting from: /lustre07/scratch/kevew/DuelModelResearch/mathlib4/Counterexamples/Phillips.lean
Skipping line due to error: 'NoneType' object is not iterable
Line 233 is being evaluated
Evaluting from: /lustre07/scratch/kevew/DuelModelResearch/mathlib4/Counterexamples/Phillips.lean
Skipping line due to error: 'NoneType' object is not iterable
Line 234 is being evaluated
Evaluting from: /lustre07/scratch/kevew/DuelModelResearch/mathlib4/Counterexamples/Phillips.lean
Line 235 is being evaluated
Evaluting from: /lustre07/scratch/kevew/DuelModelResearch/mathlib4/Counterexamples/Phillips.lean
Line 236 is being evaluated
Evaluting from: /lustre07/scratch/kevew/DuelModelResearch/mathlib4/Counterexamples/Phillips.lean
Skipping line due to error: 'NoneType' object is not iterable
Line 237 is being evaluated
Evaluting from: /lustre07/scratch/kevew/DuelModelResearch/mathlib4/Counterexamples/Phillips.lean
Skipping line due to error: 'NoneType' object is not iterable
Line 238 is being evaluated
Evaluting from: /lustre07/scratch/kevew/DuelModelResearch/mathlib4/Counterexamples/Phillips.lean
Line 239 is being evaluated
Evaluting from: /lustre07/scratch/kevew/DuelModelResearch/mathlib4/Counterexamples/Phillips.lean
Skipping line due to error: 'NoneType' object is not iterable
Line 240 is being evaluated
Evaluting from: /lustre07/scratch/kevew/DuelModelResearch/mathlib4/Counterexamples/Phillips.lean
Line 241 is being evaluated
Evaluting from: /lustre07/scratch/kevew/DuelModelResearch/mathlib4/Counterexamples/Phillips.lean
Line 242 is being evaluated
Evaluting from: /lustre07/scratch/kevew/DuelModelResearch/mathlib4/Counterexamples/Phillips.lean
Line 243 is being evaluated
Evaluting from: /lustre07/scratch/kevew/DuelModelResearch/mathlib4/Counterexamples/Phillips.lean
Line 244 is being evaluated
Evaluting from: /lustre07/scratch/kevew/DuelModelResearch/mathlib4/Counterexamples/Phillips.lean
Line 245 is being evaluated
Evaluting from: /lustre07/scratch/kevew/DuelModelResearch/mathlib4/Counterexamples/Phillips.lean
Line 246 is being evaluated
Evaluting from: /lustre07/scratch/kevew/DuelModelResearch/mathlib4/Counterexamples/Phillips.lean
Line 247 is being evaluated
Evaluting from: /lustre07/scratch/kevew/DuelModelResearch/mathlib4/Counterexamples/Phillips.lean
Skipping line due to error: 'NoneType' object is not iterable
Line 248 is being evaluated
Evaluting from: /lustre07/scratch/kevew/DuelModelResearch/mathlib4/Counterexamples/Phillips.lean
Skipping line due to error: 'NoneType' object is not iterable
Line 249 is being evaluated
Evaluting from: /lustre07/scratch/kevew/DuelModelResearch/mathlib4/Counterexamples/Phillips.lean
Line 250 is being evaluated
Evaluting from: /lustre07/scratch/kevew/DuelModelResearch/mathlib4/Counterexamples/Phillips.lean
Line 251 is being evaluated
Evaluting from: /lustre07/scratch/kevew/DuelModelResearch/mathlib4/Counterexamples/Phillips.lean
Line 252 is being evaluated
Evaluting from: /lustre07/scratch/kevew/DuelModelResearch/mathlib4/Counterexamples/Phillips.lean
Line 253 is being evaluated
Evaluting from: /lustre07/scratch/kevew/DuelModelResearch/mathlib4/Counterexamples/Phillips.lean
Line 254 is being evaluated
Evaluting from: /lustre07/scratch/kevew/DuelModelResearch/mathlib4/Counterexamples/Phillips.lean
Line 255 is being evaluated
Evaluting from: /lustre07/scratch/kevew/DuelModelResearch/mathlib4/Counterexamples/Phillips.lean
Line 256 is being evaluated
Evaluting from: /lustre07/scratch/kevew/DuelModelResearch/mathlib4/Counterexamples/Phillips.lean
Skipping line due to error: 'NoneType' object is not iterable
Line 257 is being evaluated
Evaluting from: /lustre07/scratch/kevew/DuelModelResearch/mathlib4/Counterexamples/Phillips.lean
Line 258 is being evaluated
Evaluting from: /lustre07/scratch/kevew/DuelModelResearch/mathlib4/Counterexamples/QuadraticForm.lean
Skipping line due to error: 'NoneType' object is not iterable
Line 259 is being evaluated
Evaluting from: /lustre07/scratch/kevew/DuelModelResearch/mathlib4/Counterexamples/QuadraticForm.lean
Line 260 is being evaluated
Evaluting from: /lustre07/scratch/kevew/DuelModelResearch/mathlib4/Counterexamples/QuadraticForm.lean
Line 261 is being evaluated
Evaluting from: /lustre07/scratch/kevew/DuelModelResearch/mathlib4/Counterexamples/QuadraticForm.lean
Line 262 is being evaluated
Evaluting from: /lustre07/scratch/kevew/DuelModelResearch/mathlib4/Counterexamples/QuadraticForm.lean
Line 263 is being evaluated
Evaluting from: /lustre07/scratch/kevew/DuelModelResearch/mathlib4/Counterexamples/GameMultiplication.lean
Line 264 is being evaluated
Evaluting from: /lustre07/scratch/kevew/DuelModelResearch/mathlib4/Counterexamples/GameMultiplication.lean
Line 265 is being evaluated
Evaluting from: /lustre07/scratch/kevew/DuelModelResearch/mathlib4/Counterexamples/GameMultiplication.lean
Line 266 is being evaluated
Evaluting from: /lustre07/scratch/kevew/DuelModelResearch/mathlib4/Counterexamples/GameMultiplication.lean
Line 267 is being evaluated
Evaluting from: /lustre07/scratch/kevew/DuelModelResearch/mathlib4/Counterexamples/GameMultiplication.lean
Skipping line due to error: 'NoneType' object is not iterable
Line 268 is being evaluated
Evaluting from: /lustre07/scratch/kevew/DuelModelResearch/mathlib4/Counterexamples/OrderedCancelAddCommMonoidWithBounds.lean
Skipping line due to error: 'NoneType' object is not iterable
Line 269 is being evaluated
Evaluting from: /lustre07/scratch/kevew/DuelModelResearch/mathlib4/Archive/ZagierTwoSquares.lean
Line 270 is being evaluated
Evaluting from: /lustre07/scratch/kevew/DuelModelResearch/mathlib4/Archive/ZagierTwoSquares.lean
Line 271 is being evaluated
Evaluting from: /lustre07/scratch/kevew/DuelModelResearch/mathlib4/Archive/ZagierTwoSquares.lean
Line 272 is being evaluated
Evaluting from: /lustre07/scratch/kevew/DuelModelResearch/mathlib4/Archive/ZagierTwoSquares.lean
Skipping line due to error: 'NoneType' object is not iterable
Line 273 is being evaluated
Evaluting from: /lustre07/scratch/kevew/DuelModelResearch/mathlib4/Archive/ZagierTwoSquares.lean
Line 274 is being evaluated
Evaluting from: /lustre07/scratch/kevew/DuelModelResearch/mathlib4/Archive/ZagierTwoSquares.lean
Line 275 is being evaluated
Evaluting from: /lustre07/scratch/kevew/DuelModelResearch/mathlib4/Archive/ZagierTwoSquares.lean
Line 276 is being evaluated
Evaluting from: /lustre07/scratch/kevew/DuelModelResearch/mathlib4/Archive/ZagierTwoSquares.lean
Line 277 is being evaluated
Evaluting from: /lustre07/scratch/kevew/DuelModelResearch/mathlib4/Archive/ZagierTwoSquares.lean
Line 278 is being evaluated
Evaluting from: /lustre07/scratch/kevew/DuelModelResearch/mathlib4/Archive/Sensitivity.lean
Skipping line due to error: 'NoneType' object is not iterable
Line 279 is being evaluated
Evaluting from: /lustre07/scratch/kevew/DuelModelResearch/mathlib4/Archive/Sensitivity.lean
Line 280 is being evaluated
Evaluting from: /lustre07/scratch/kevew/DuelModelResearch/mathlib4/Archive/Sensitivity.lean
Line 281 is being evaluated
Evaluting from: /lustre07/scratch/kevew/DuelModelResearch/mathlib4/Archive/Sensitivity.lean
Line 282 is being evaluated
Evaluting from: /lustre07/scratch/kevew/DuelModelResearch/mathlib4/Archive/Sensitivity.lean
Line 283 is being evaluated
Evaluting from: /lustre07/scratch/kevew/DuelModelResearch/mathlib4/Archive/Sensitivity.lean
Line 284 is being evaluated
Evaluting from: /lustre07/scratch/kevew/DuelModelResearch/mathlib4/Archive/Sensitivity.lean
Line 285 is being evaluated
Evaluting from: /lustre07/scratch/kevew/DuelModelResearch/mathlib4/Archive/Sensitivity.lean
Skipping line due to error: 'NoneType' object is not iterable
Line 286 is being evaluated
Evaluting from: /lustre07/scratch/kevew/DuelModelResearch/mathlib4/Archive/Sensitivity.lean
Skipping line due to error: 'NoneType' object is not iterable
Line 287 is being evaluated
Evaluting from: /lustre07/scratch/kevew/DuelModelResearch/mathlib4/Archive/Sensitivity.lean
Skipping line due to error: 'NoneType' object is not iterable
Line 288 is being evaluated
Evaluting from: /lustre07/scratch/kevew/DuelModelResearch/mathlib4/Archive/Sensitivity.lean
Skipping line due to error: 'NoneType' object is not iterable
Line 289 is being evaluated
Evaluting from: /lustre07/scratch/kevew/DuelModelResearch/mathlib4/Archive/Sensitivity.lean
Line 290 is being evaluated
Evaluting from: /lustre07/scratch/kevew/DuelModelResearch/mathlib4/Archive/Sensitivity.lean
Line 291 is being evaluated
Evaluting from: /lustre07/scratch/kevew/DuelModelResearch/mathlib4/Archive/Sensitivity.lean
Line 292 is being evaluated
Evaluting from: /lustre07/scratch/kevew/DuelModelResearch/mathlib4/Archive/Sensitivity.lean
Line 293 is being evaluated
Evaluting from: /lustre07/scratch/kevew/DuelModelResearch/mathlib4/Archive/Sensitivity.lean
Line 294 is being evaluated
Evaluting from: /lustre07/scratch/kevew/DuelModelResearch/mathlib4/Archive/Sensitivity.lean
Skipping line due to error: 'NoneType' object is not iterable
Line 295 is being evaluated
Evaluting from: /lustre07/scratch/kevew/DuelModelResearch/mathlib4/Archive/Sensitivity.lean
Line 296 is being evaluated
Evaluting from: /lustre07/scratch/kevew/DuelModelResearch/mathlib4/Archive/Sensitivity.lean
Line 297 is being evaluated
Evaluting from: /lustre07/scratch/kevew/DuelModelResearch/mathlib4/Archive/Sensitivity.lean
Line 298 is being evaluated
Evaluting from: /lustre07/scratch/kevew/DuelModelResearch/mathlib4/Archive/Sensitivity.lean
Line 299 is being evaluated
Evaluting from: /lustre07/scratch/kevew/DuelModelResearch/mathlib4/Archive/Sensitivity.lean
Line 300 is being evaluated
Evaluting from: /lustre07/scratch/kevew/DuelModelResearch/mathlib4/Archive/Sensitivity.lean
Line 301 is being evaluated
Evaluting from: /lustre07/scratch/kevew/DuelModelResearch/mathlib4/Archive/Sensitivity.lean
Line 302 is being evaluated
Evaluting from: /lustre07/scratch/kevew/DuelModelResearch/mathlib4/Archive/Sensitivity.lean
Line 303 is being evaluated
Evaluting from: /lustre07/scratch/kevew/DuelModelResearch/mathlib4/Archive/Arithcc.lean
Skipping line due to error: 'NoneType' object is not iterable
Line 304 is being evaluated
Evaluting from: /lustre07/scratch/kevew/DuelModelResearch/mathlib4/Archive/Arithcc.lean
Skipping line due to error: 'NoneType' object is not iterable
Line 305 is being evaluated
Evaluting from: /lustre07/scratch/kevew/DuelModelResearch/mathlib4/Archive/Arithcc.lean
Line 306 is being evaluated
Evaluting from: /lustre07/scratch/kevew/DuelModelResearch/mathlib4/Archive/Arithcc.lean
Line 307 is being evaluated
Evaluting from: /lustre07/scratch/kevew/DuelModelResearch/mathlib4/Archive/Arithcc.lean
Line 308 is being evaluated
Evaluting from: /lustre07/scratch/kevew/DuelModelResearch/mathlib4/Archive/Arithcc.lean
Line 309 is being evaluated
Evaluting from: /lustre07/scratch/kevew/DuelModelResearch/mathlib4/Archive/Arithcc.lean
Line 310 is being evaluated
Evaluting from: /lustre07/scratch/kevew/DuelModelResearch/mathlib4/Archive/Arithcc.lean
Line 311 is being evaluated
Evaluting from: /lustre07/scratch/kevew/DuelModelResearch/mathlib4/Archive/Arithcc.lean
Line 312 is being evaluated
Evaluting from: /lustre07/scratch/kevew/DuelModelResearch/mathlib4/Archive/Arithcc.lean
Line 313 is being evaluated
Evaluting from: /lustre07/scratch/kevew/DuelModelResearch/mathlib4/Archive/Arithcc.lean
Line 314 is being evaluated
Evaluting from: /lustre07/scratch/kevew/DuelModelResearch/mathlib4/Archive/Arithcc.lean
Line 315 is being evaluated
Evaluting from: /lustre07/scratch/kevew/DuelModelResearch/mathlib4/Archive/Arithcc.lean
Line 316 is being evaluated
Evaluting from: /lustre07/scratch/kevew/DuelModelResearch/mathlib4/Archive/Arithcc.lean
Line 317 is being evaluated
Evaluting from: /lustre07/scratch/kevew/DuelModelResearch/mathlib4/Archive/Arithcc.lean
Skipping line due to error: 'NoneType' object is not iterable
Line 318 is being evaluated
Evaluting from: /lustre07/scratch/kevew/DuelModelResearch/mathlib4/Archive/Hairer.lean
Skipping line due to error: 'NoneType' object is not iterable
Line 319 is being evaluated
Evaluting from: /lustre07/scratch/kevew/DuelModelResearch/mathlib4/Archive/Hairer.lean
Skipping line due to error: 'NoneType' object is not iterable
Line 320 is being evaluated
Evaluting from: /lustre07/scratch/kevew/DuelModelResearch/mathlib4/Archive/Hairer.lean
Skipping line due to error: 'NoneType' object is not iterable
Line 321 is being evaluated
Evaluting from: /lustre07/scratch/kevew/DuelModelResearch/mathlib4/Archive/Hairer.lean
Skipping line due to error: 'NoneType' object is not iterable
Line 322 is being evaluated
Evaluting from: /lustre07/scratch/kevew/DuelModelResearch/mathlib4/Archive/Hairer.lean
Skipping line due to error: 'NoneType' object is not iterable
Line 323 is being evaluated
Evaluting from: /lustre07/scratch/kevew/DuelModelResearch/mathlib4/Archive/Hairer.lean
Skipping line due to error: 'NoneType' object is not iterable
Line 324 is being evaluated
Evaluting from: /lustre07/scratch/kevew/DuelModelResearch/mathlib4/Archive/Hairer.lean
Line 325 is being evaluated
Evaluting from: /lustre07/scratch/kevew/DuelModelResearch/mathlib4/Archive/Hairer.lean
Line 326 is being evaluated
Evaluting from: /lustre07/scratch/kevew/DuelModelResearch/mathlib4/Archive/Hairer.lean
Line 327 is being evaluated
Evaluting from: /lustre07/scratch/kevew/DuelModelResearch/mathlib4/Archive/Wiedijk100Theorems/FriendshipGraphs.lean
Skipping line due to error: 'NoneType' object is not iterable
Line 328 is being evaluated
Evaluting from: /lustre07/scratch/kevew/DuelModelResearch/mathlib4/Archive/Wiedijk100Theorems/FriendshipGraphs.lean
Skipping line due to error: 'NoneType' object is not iterable
Line 329 is being evaluated
Evaluting from: /lustre07/scratch/kevew/DuelModelResearch/mathlib4/Archive/Wiedijk100Theorems/FriendshipGraphs.lean
Line 330 is being evaluated
Evaluting from: /lustre07/scratch/kevew/DuelModelResearch/mathlib4/Archive/Wiedijk100Theorems/FriendshipGraphs.lean
Skipping line due to error: 'NoneType' object is not iterable
Line 331 is being evaluated
Evaluting from: /lustre07/scratch/kevew/DuelModelResearch/mathlib4/Archive/Wiedijk100Theorems/FriendshipGraphs.lean
Line 332 is being evaluated
Evaluting from: /lustre07/scratch/kevew/DuelModelResearch/mathlib4/Archive/Wiedijk100Theorems/FriendshipGraphs.lean
Line 333 is being evaluated
Evaluting from: /lustre07/scratch/kevew/DuelModelResearch/mathlib4/Archive/Wiedijk100Theorems/FriendshipGraphs.lean
Line 334 is being evaluated
Evaluting from: /lustre07/scratch/kevew/DuelModelResearch/mathlib4/Archive/Wiedijk100Theorems/FriendshipGraphs.lean
Line 335 is being evaluated
Evaluting from: /lustre07/scratch/kevew/DuelModelResearch/mathlib4/Archive/Wiedijk100Theorems/FriendshipGraphs.lean
Skipping line due to error: 'NoneType' object is not iterable
Line 336 is being evaluated
Evaluting from: /lustre07/scratch/kevew/DuelModelResearch/mathlib4/Archive/Wiedijk100Theorems/FriendshipGraphs.lean
Line 337 is being evaluated
Evaluting from: /lustre07/scratch/kevew/DuelModelResearch/mathlib4/Archive/Wiedijk100Theorems/FriendshipGraphs.lean
Line 338 is being evaluated
Evaluting from: /lustre07/scratch/kevew/DuelModelResearch/mathlib4/Archive/Wiedijk100Theorems/FriendshipGraphs.lean
Line 339 is being evaluated
Evaluting from: /lustre07/scratch/kevew/DuelModelResearch/mathlib4/Archive/Wiedijk100Theorems/FriendshipGraphs.lean
Line 340 is being evaluated
Evaluting from: /lustre07/scratch/kevew/DuelModelResearch/mathlib4/Archive/Wiedijk100Theorems/FriendshipGraphs.lean
Line 341 is being evaluated
Evaluting from: /lustre07/scratch/kevew/DuelModelResearch/mathlib4/Archive/Wiedijk100Theorems/FriendshipGraphs.lean
Line 342 is being evaluated
Evaluting from: /lustre07/scratch/kevew/DuelModelResearch/mathlib4/Archive/Wiedijk100Theorems/FriendshipGraphs.lean
Line 343 is being evaluated
Evaluting from: /lustre07/scratch/kevew/DuelModelResearch/mathlib4/Archive/Wiedijk100Theorems/FriendshipGraphs.lean
Line 344 is being evaluated
Evaluting from: /lustre07/scratch/kevew/DuelModelResearch/mathlib4/Archive/Wiedijk100Theorems/BuffonsNeedle.lean
Line 345 is being evaluated
Evaluting from: /lustre07/scratch/kevew/DuelModelResearch/mathlib4/Archive/Wiedijk100Theorems/BuffonsNeedle.lean
Line 346 is being evaluated
Evaluting from: /lustre07/scratch/kevew/DuelModelResearch/mathlib4/Archive/Wiedijk100Theorems/BuffonsNeedle.lean
Line 347 is being evaluated
Evaluting from: /lustre07/scratch/kevew/DuelModelResearch/mathlib4/Archive/Wiedijk100Theorems/BuffonsNeedle.lean
Line 348 is being evaluated
Evaluting from: /lustre07/scratch/kevew/DuelModelResearch/mathlib4/Archive/Wiedijk100Theorems/BuffonsNeedle.lean
Line 349 is being evaluated
Evaluting from: /lustre07/scratch/kevew/DuelModelResearch/mathlib4/Archive/Wiedijk100Theorems/BuffonsNeedle.lean
Line 350 is being evaluated
Evaluting from: /lustre07/scratch/kevew/DuelModelResearch/mathlib4/Archive/Wiedijk100Theorems/BuffonsNeedle.lean
Line 351 is being evaluated
Evaluting from: /lustre07/scratch/kevew/DuelModelResearch/mathlib4/Archive/Wiedijk100Theorems/BuffonsNeedle.lean
Line 352 is being evaluated
Evaluting from: /lustre07/scratch/kevew/DuelModelResearch/mathlib4/Archive/Wiedijk100Theorems/BuffonsNeedle.lean
Line 353 is being evaluated
Evaluting from: /lustre07/scratch/kevew/DuelModelResearch/mathlib4/Archive/Wiedijk100Theorems/BuffonsNeedle.lean
Line 354 is being evaluated
Evaluting from: /lustre07/scratch/kevew/DuelModelResearch/mathlib4/Archive/Wiedijk100Theorems/BuffonsNeedle.lean
Line 355 is being evaluated
Evaluting from: /lustre07/scratch/kevew/DuelModelResearch/mathlib4/Archive/Wiedijk100Theorems/BuffonsNeedle.lean
Line 356 is being evaluated
Evaluting from: /lustre07/scratch/kevew/DuelModelResearch/mathlib4/Archive/Wiedijk100Theorems/Konigsberg.lean
Line 357 is being evaluated
Evaluting from: /lustre07/scratch/kevew/DuelModelResearch/mathlib4/Archive/Wiedijk100Theorems/Konigsberg.lean
Line 358 is being evaluated
Evaluting from: /lustre07/scratch/kevew/DuelModelResearch/mathlib4/Archive/Wiedijk100Theorems/Konigsberg.lean
Line 359 is being evaluated
Evaluting from: /lustre07/scratch/kevew/DuelModelResearch/mathlib4/Archive/Wiedijk100Theorems/Konigsberg.lean
Line 360 is being evaluated
Evaluting from: /lustre07/scratch/kevew/DuelModelResearch/mathlib4/Archive/Wiedijk100Theorems/PerfectNumbers.lean
Line 361 is being evaluated
Evaluting from: /lustre07/scratch/kevew/DuelModelResearch/mathlib4/Archive/Wiedijk100Theorems/PerfectNumbers.lean
Line 362 is being evaluated
Evaluting from: /lustre07/scratch/kevew/DuelModelResearch/mathlib4/Archive/Wiedijk100Theorems/PerfectNumbers.lean
Line 363 is being evaluated
Evaluting from: /lustre07/scratch/kevew/DuelModelResearch/mathlib4/Archive/Wiedijk100Theorems/PerfectNumbers.lean
Line 364 is being evaluated
Evaluting from: /lustre07/scratch/kevew/DuelModelResearch/mathlib4/Archive/Wiedijk100Theorems/PerfectNumbers.lean
Line 365 is being evaluated
Evaluting from: /lustre07/scratch/kevew/DuelModelResearch/mathlib4/Archive/Wiedijk100Theorems/PerfectNumbers.lean
Line 366 is being evaluated
Evaluting from: /lustre07/scratch/kevew/DuelModelResearch/mathlib4/Archive/Wiedijk100Theorems/PerfectNumbers.lean
Line 367 is being evaluated
Evaluting from: /lustre07/scratch/kevew/DuelModelResearch/mathlib4/Archive/Wiedijk100Theorems/HeronsFormula.lean
Line 368 is being evaluated
Evaluting from: /lustre07/scratch/kevew/DuelModelResearch/mathlib4/Archive/Wiedijk100Theorems/CubingACube.lean
Line 369 is being evaluated
Evaluting from: /lustre07/scratch/kevew/DuelModelResearch/mathlib4/Archive/Wiedijk100Theorems/CubingACube.lean
Skipping line due to error: 'NoneType' object is not iterable
Line 370 is being evaluated
Evaluting from: /lustre07/scratch/kevew/DuelModelResearch/mathlib4/Archive/Wiedijk100Theorems/CubingACube.lean
Line 371 is being evaluated
Evaluting from: /lustre07/scratch/kevew/DuelModelResearch/mathlib4/Archive/Wiedijk100Theorems/CubingACube.lean
Line 372 is being evaluated
Evaluting from: /lustre07/scratch/kevew/DuelModelResearch/mathlib4/Archive/Wiedijk100Theorems/CubingACube.lean
Skipping line due to error: 'NoneType' object is not iterable
Line 373 is being evaluated
Evaluting from: /lustre07/scratch/kevew/DuelModelResearch/mathlib4/Archive/Wiedijk100Theorems/CubingACube.lean
Line 374 is being evaluated
Evaluting from: /lustre07/scratch/kevew/DuelModelResearch/mathlib4/Archive/Wiedijk100Theorems/CubingACube.lean
Line 375 is being evaluated
Evaluting from: /lustre07/scratch/kevew/DuelModelResearch/mathlib4/Archive/Wiedijk100Theorems/CubingACube.lean
Line 376 is being evaluated
Evaluting from: /lustre07/scratch/kevew/DuelModelResearch/mathlib4/Archive/Wiedijk100Theorems/CubingACube.lean
Skipping line due to error: 'NoneType' object is not iterable
Line 377 is being evaluated
Evaluting from: /lustre07/scratch/kevew/DuelModelResearch/mathlib4/Archive/Wiedijk100Theorems/CubingACube.lean
Line 378 is being evaluated
Evaluting from: /lustre07/scratch/kevew/DuelModelResearch/mathlib4/Archive/Wiedijk100Theorems/CubingACube.lean
Line 379 is being evaluated
Evaluting from: /lustre07/scratch/kevew/DuelModelResearch/mathlib4/Archive/Wiedijk100Theorems/CubingACube.lean
Skipping line due to error: 'NoneType' object is not iterable
Line 380 is being evaluated
Evaluting from: /lustre07/scratch/kevew/DuelModelResearch/mathlib4/Archive/Wiedijk100Theorems/CubingACube.lean
Line 381 is being evaluated
Evaluting from: /lustre07/scratch/kevew/DuelModelResearch/mathlib4/Archive/Wiedijk100Theorems/CubingACube.lean
Skipping line due to error: 'NoneType' object is not iterable
Line 382 is being evaluated
Evaluting from: /lustre07/scratch/kevew/DuelModelResearch/mathlib4/Archive/Wiedijk100Theorems/CubingACube.lean
Line 383 is being evaluated
Evaluting from: /lustre07/scratch/kevew/DuelModelResearch/mathlib4/Archive/Wiedijk100Theorems/CubingACube.lean
Line 384 is being evaluated
Evaluting from: /lustre07/scratch/kevew/DuelModelResearch/mathlib4/Archive/Wiedijk100Theorems/CubingACube.lean
Line 385 is being evaluated
Evaluting from: /lustre07/scratch/kevew/DuelModelResearch/mathlib4/Archive/Wiedijk100Theorems/CubingACube.lean
Skipping line due to error: 'NoneType' object is not iterable
Line 386 is being evaluated
Evaluting from: /lustre07/scratch/kevew/DuelModelResearch/mathlib4/Archive/Wiedijk100Theorems/CubingACube.lean
Skipping line due to error: 'NoneType' object is not iterable
Line 387 is being evaluated
Evaluting from: /lustre07/scratch/kevew/DuelModelResearch/mathlib4/Archive/Wiedijk100Theorems/CubingACube.lean
Skipping line due to error: 'NoneType' object is not iterable
Line 388 is being evaluated
Evaluting from: /lustre07/scratch/kevew/DuelModelResearch/mathlib4/Archive/Wiedijk100Theorems/CubingACube.lean
Line 389 is being evaluated
Evaluting from: /lustre07/scratch/kevew/DuelModelResearch/mathlib4/Archive/Wiedijk100Theorems/CubingACube.lean
Skipping line due to error: 'NoneType' object is not iterable
Line 390 is being evaluated
Evaluting from: /lustre07/scratch/kevew/DuelModelResearch/mathlib4/Archive/Wiedijk100Theorems/CubingACube.lean
Line 391 is being evaluated
Evaluting from: /lustre07/scratch/kevew/DuelModelResearch/mathlib4/Archive/Wiedijk100Theorems/CubingACube.lean
Line 392 is being evaluated
Evaluting from: /lustre07/scratch/kevew/DuelModelResearch/mathlib4/Archive/Wiedijk100Theorems/CubingACube.lean
Line 393 is being evaluated
Evaluting from: /lustre07/scratch/kevew/DuelModelResearch/mathlib4/Archive/Wiedijk100Theorems/CubingACube.lean
Line 394 is being evaluated
Evaluting from: /lustre07/scratch/kevew/DuelModelResearch/mathlib4/Archive/Wiedijk100Theorems/CubingACube.lean
Line 395 is being evaluated
Evaluting from: /lustre07/scratch/kevew/DuelModelResearch/mathlib4/Archive/Wiedijk100Theorems/CubingACube.lean
Skipping line due to error: 'NoneType' object is not iterable
Line 396 is being evaluated
Evaluting from: /lustre07/scratch/kevew/DuelModelResearch/mathlib4/Archive/Wiedijk100Theorems/CubingACube.lean
Line 397 is being evaluated
Evaluting from: /lustre07/scratch/kevew/DuelModelResearch/mathlib4/Archive/Wiedijk100Theorems/CubingACube.lean
Line 398 is being evaluated
Evaluting from: /lustre07/scratch/kevew/DuelModelResearch/mathlib4/Archive/Wiedijk100Theorems/CubingACube.lean
Line 399 is being evaluated
Evaluting from: /lustre07/scratch/kevew/DuelModelResearch/mathlib4/Archive/Wiedijk100Theorems/CubingACube.lean
Skipping line due to error: 'NoneType' object is not iterable
Line 400 is being evaluated
Evaluting from: /lustre07/scratch/kevew/DuelModelResearch/mathlib4/Archive/Wiedijk100Theorems/CubingACube.lean
Skipping line due to error: 'NoneType' object is not iterable
Line 401 is being evaluated
Evaluting from: /lustre07/scratch/kevew/DuelModelResearch/mathlib4/Archive/Wiedijk100Theorems/CubingACube.lean
Skipping line due to error: 'NoneType' object is not iterable
Line 402 is being evaluated
Evaluting from: /lustre07/scratch/kevew/DuelModelResearch/mathlib4/Archive/Wiedijk100Theorems/CubingACube.lean
Skipping line due to error: 'NoneType' object is not iterable
Line 403 is being evaluated
Evaluting from: /lustre07/scratch/kevew/DuelModelResearch/mathlib4/Archive/Wiedijk100Theorems/CubingACube.lean
Skipping line due to error: 'NoneType' object is not iterable
Line 404 is being evaluated
Evaluting from: /lustre07/scratch/kevew/DuelModelResearch/mathlib4/Archive/Wiedijk100Theorems/CubingACube.lean
Line 405 is being evaluated
Evaluting from: /lustre07/scratch/kevew/DuelModelResearch/mathlib4/Archive/Wiedijk100Theorems/CubingACube.lean
Line 406 is being evaluated
Evaluting from: /lustre07/scratch/kevew/DuelModelResearch/mathlib4/Archive/Wiedijk100Theorems/CubingACube.lean
Line 407 is being evaluated
Evaluting from: /lustre07/scratch/kevew/DuelModelResearch/mathlib4/Archive/Wiedijk100Theorems/CubingACube.lean
Line 408 is being evaluated
Evaluting from: /lustre07/scratch/kevew/DuelModelResearch/mathlib4/Archive/Wiedijk100Theorems/CubingACube.lean
Line 409 is being evaluated
Evaluting from: /lustre07/scratch/kevew/DuelModelResearch/mathlib4/Archive/Wiedijk100Theorems/CubingACube.lean
Line 410 is being evaluated
Evaluting from: /lustre07/scratch/kevew/DuelModelResearch/mathlib4/Archive/Wiedijk100Theorems/CubingACube.lean
Skipping line due to error: 'NoneType' object is not iterable
Line 411 is being evaluated
Evaluting from: /lustre07/scratch/kevew/DuelModelResearch/mathlib4/Archive/Wiedijk100Theorems/CubingACube.lean
Skipping line due to error: 'NoneType' object is not iterable
Line 412 is being evaluated
Evaluting from: /lustre07/scratch/kevew/DuelModelResearch/mathlib4/Archive/Wiedijk100Theorems/CubingACube.lean
Line 413 is being evaluated
Evaluting from: /lustre07/scratch/kevew/DuelModelResearch/mathlib4/Archive/Wiedijk100Theorems/SolutionOfCubicQuartic.lean
Line 414 is being evaluated
Evaluting from: /lustre07/scratch/kevew/DuelModelResearch/mathlib4/Archive/Wiedijk100Theorems/SolutionOfCubicQuartic.lean
Line 415 is being evaluated
Evaluting from: /lustre07/scratch/kevew/DuelModelResearch/mathlib4/Archive/Wiedijk100Theorems/SolutionOfCubicQuartic.lean
Line 416 is being evaluated
Evaluting from: /lustre07/scratch/kevew/DuelModelResearch/mathlib4/Archive/Wiedijk100Theorems/SolutionOfCubicQuartic.lean
Line 417 is being evaluated
Evaluting from: /lustre07/scratch/kevew/DuelModelResearch/mathlib4/Archive/Wiedijk100Theorems/SolutionOfCubicQuartic.lean
Line 418 is being evaluated
Evaluting from: /lustre07/scratch/kevew/DuelModelResearch/mathlib4/Archive/Wiedijk100Theorems/SolutionOfCubicQuartic.lean
Line 419 is being evaluated
Evaluting from: /lustre07/scratch/kevew/DuelModelResearch/mathlib4/Archive/Wiedijk100Theorems/SolutionOfCubicQuartic.lean
Line 420 is being evaluated
Evaluting from: /lustre07/scratch/kevew/DuelModelResearch/mathlib4/Archive/Wiedijk100Theorems/BallotProblem.lean
Skipping line due to error: 'NoneType' object is not iterable
Line 421 is being evaluated
Evaluting from: /lustre07/scratch/kevew/DuelModelResearch/mathlib4/Archive/Wiedijk100Theorems/BallotProblem.lean
Skipping line due to error: 'NoneType' object is not iterable
Line 422 is being evaluated
Evaluting from: /lustre07/scratch/kevew/DuelModelResearch/mathlib4/Archive/Wiedijk100Theorems/BallotProblem.lean
Skipping line due to error: 'NoneType' object is not iterable
Line 423 is being evaluated
Evaluting from: /lustre07/scratch/kevew/DuelModelResearch/mathlib4/Archive/Wiedijk100Theorems/BallotProblem.lean
Error at line 424 in dataset_001.jsonl: 
Traceback (most recent call last):
  File "/lustre07/scratch/kevew/DuelModelResearch/get_tactic_state.py", line 153, in <module>
    states = get_tactic_states_from_lean_code(full_code, project_path=".")
             ^^^^^^^^^^^^^^^^^^^^^^^^^^^^^^^^^^^^^^^^^^^^^^^^^^^^^^^^^^^^^
  File "/lustre07/scratch/kevew/DuelModelResearch/get_tactic_state.py", line 62, in get_tactic_states_from_lean_code
    header_idx = next(i for i, l in enumerate(lines) if ':=' in l)
                 ^^^^^^^^^^^^^^^^^^^^^^^^^^^^^^^^^^^^^^^^^^^^^^^^^
StopIteration
